


ARM Macro Assembler    Page 1 


    1 00000000         ;=======================================================
                       =======================
    2 00000000         ; keyboard4x4.s
    3 00000000         ; Luís Henrique Beltrão Santana
    4 00000000         ; 12/10/2018
    5 00000000         ;=======================================================
                       =======================
    6 00000000         
    7 00000000         ;=======================================================
                       =======================
    8 00000000                 THUMB                        ; Instruções do tip
                                                            o Thumb-2
    9 00000000         ;=======================================================
                       =======================
   10 00000000         
   11 00000000         
   12 00000000         ; Define
   13 00000000         
   14 00000000         ;=======================================================
                       =======================
   15 00000000         ; Data
   16 00000000         ;=======================================================
                       =======================
   17 00000000                 AREA             DATA, ALIGN=2
   18 00000000 00 00 00 
              00       keyboard_0404_map
                               SPACE            4
   19 00000004         
   20 00000004         ;=======================================================
                       =======================
   21 00000004         ; Code
   22 00000004         ;=======================================================
                       =======================
   23 00000004                 AREA             |.text|, CODE, READONLY, ALIGN=
2
   24 00000000                 EXPORT           init_kb_m0404_00
   25 00000000                 EXPORT           kb_m0404_00
   26 00000000                 IMPORT           SysTick_Wait1ms
   27 00000000                 IMPORT           PortC_Input
   28 00000000                 IMPORT           PortK_Output
   29 00000000                 IMPORT           PortL_Output
   30 00000000                 IMPORT           PortM_Output
   31 00000000         
   32 00000000         ;=======================================================
                       =======================
   33 00000000         ; Start
   34 00000000         ;=======================================================
                       =======================
   35 00000000         
   36 00000000         ; kb-m0404-00
   37 00000000         
   38 00000000         init_kb_m0404_00
   39 00000000 B406            PUSH             {R1, R2}
   40 00000002 494B            LDR              R1, =keyboard_0404_map
   41 00000004 F04F 0207       MOV              R2, #0x7
   42 00000008 F801 2B01       STRB             R2, [R1], #1
   43 0000000C F04F 020B       MOV              R2, #0xB
   44 00000010 F801 2B01       STRB             R2, [R1], #1
   45 00000014 F04F 020D       MOV              R2, #0xD



ARM Macro Assembler    Page 2 


   46 00000018 F801 2B01       STRB             R2, [R1], #1
   47 0000001C F04F 020E       MOV              R2, #0xE
   48 00000020 F801 2B01       STRB             R2, [R1], #1
   49 00000024 BC06            POP              {R1, R2}
   50 00000026 4770            BX               LR
   51 00000028         
   52 00000028         kb_m0404_00
   53 00000028 E92D 4106       PUSH             {R1, R2, R8, LR}
   54 0000002C 4940            LDR              R1, =keyboard_0404_map
   55 0000002E F04F 0200       MOV              R2, #0
   56 00000032         kb_m0404_00_loop
   57 00000032 F851 A002       LDR              R10, [R1,R2] ; R10 <- R1[R2]
   58 00000036 F7FF FFFE       BL               PortL_Output ; PortL <- R10
   59 0000003A F7FF FFFE       BL               PortC_Input ; R8 <- PortC
   60 0000003E 4644            MOV              R4, R8      ; R4 <- R8
   61 00000040 F04F 000A       MOV              R0, #10     ; set time to bounc
                                                            e delay
   62 00000044 F7FF FFFE       BL               SysTick_Wait1ms ; delay
   63 00000048 F7FF FFFE       BL               PortC_Input ; R8 <- PortC
   64 0000004C F024 040F       BIC              R4, #0xF
   65 00000050 F028 080F       BIC              R8, #0xF
   66 00000054 F1B8 0F00       CMP              R8, #0
   67 00000058 D001            BEQ              kb_m0404_00_jump
   68 0000005A 4544            CMP              R4, R8      ; compare R4 and R8
                                                            
   69 0000005C D006            BEQ              kb_m0404_00_analyze
   70 0000005E         kb_m0404_00_jump
   71 0000005E F102 0201       ADD              R2, #1      ; R2++
   72 00000062 2A04            CMP              R2, #4      ; compare R2 and 4
   73 00000064 D1E5            BNE              kb_m0404_00_loop
   74 00000066         kb_m0404_00_continue
   75 00000066 E8BD 4106       POP              {R1, R2, R8, LR}
   76 0000006A 4770            BX               LR
   77 0000006C         
   78 0000006C         kb_m0404_00_analyze
   79 0000006C F1B8 0F70       CMP              R8, # 0x70
   80 00000070 D009            BEQ              kb_m0404_00_analyze_7
   81 00000072 F1B8 0FB0       CMP              R8, # 0xB0
   82 00000076 D00F            BEQ              kb_m0404_00_analyze_B
   83 00000078 F1B8 0FD0       CMP              R8, # 0xD0
   84 0000007C D015            BEQ              kb_m0404_00_analyze_D
   85 0000007E F1B8 0FE0       CMP              R8, # 0xE0
   86 00000082 D01B            BEQ              kb_m0404_00_analyze_E
   87 00000084 E7EF            B                kb_m0404_00_continue
   88 00000086         kb_m0404_00_analyze_7
   89 00000086 2B07            CMP              R3, # 0x7
   90 00000088 D021            BEQ              kb_m0404_00_analyze_77
   91 0000008A 2B0B            CMP              R3, # 0xB
   92 0000008C D022            BEQ              kb_m0404_00_analyze_7B
   93 0000008E 2B0D            CMP              R3, # 0xD
   94 00000090 D023            BEQ              kb_m0404_00_analyze_7D
   95 00000092 2B0E            CMP              R3, # 0xE
   96 00000094 D024            BEQ              kb_m0404_00_analyze_7E
   97 00000096 E7E6            B                kb_m0404_00_continue
   98 00000098         kb_m0404_00_analyze_B
   99 00000098 2B07            CMP              R3, # 0x7
  100 0000009A D024            BEQ              kb_m0404_00_analyze_B7
  101 0000009C 2B0B            CMP              R3, # 0xB
  102 0000009E D025            BEQ              kb_m0404_00_analyze_BB



ARM Macro Assembler    Page 3 


  103 000000A0 2B0D            CMP              R3, # 0xD
  104 000000A2 D026            BEQ              kb_m0404_00_analyze_BD
  105 000000A4 2B0E            CMP              R3, # 0xE
  106 000000A6 D027            BEQ              kb_m0404_00_analyze_BE
  107 000000A8 E7DD            B                kb_m0404_00_continue
  108 000000AA         kb_m0404_00_analyze_D
  109 000000AA 2B07            CMP              R3, # 0x7
  110 000000AC D027            BEQ              kb_m0404_00_analyze_D7
  111 000000AE 2B0B            CMP              R3, # 0xB
  112 000000B0 D028            BEQ              kb_m0404_00_analyze_DB
  113 000000B2 2B0D            CMP              R3, # 0xD
  114 000000B4 D029            BEQ              kb_m0404_00_analyze_DD
  115 000000B6 2B0E            CMP              R3, # 0xE
  116 000000B8 D02A            BEQ              kb_m0404_00_analyze_DE
  117 000000BA E7D4            B                kb_m0404_00_continue
  118 000000BC         kb_m0404_00_analyze_E
  119 000000BC 2B07            CMP              R3, # 0x7
  120 000000BE D02A            BEQ              kb_m0404_00_analyze_E7
  121 000000C0 2B0B            CMP              R3, # 0xB
  122 000000C2 D02B            BEQ              kb_m0404_00_analyze_EB
  123 000000C4 2B0D            CMP              R3, # 0xD
  124 000000C6 D02C            BEQ              kb_m0404_00_analyze_ED
  125 000000C8 2B0E            CMP              R3, # 0xE
  126 000000CA D02D            BEQ              kb_m0404_00_analyze_EE
  127 000000CC E7CB            B                kb_m0404_00_continue
  128 000000CE         kb_m0404_00_analyze_77
  129 000000CE F04F 0001       MOV              R0, #1
  130 000000D2 E7C8            B                kb_m0404_00_continue
  131 000000D4         kb_m0404_00_analyze_7B
  132 000000D4 F04F 0002       MOV              R0, #2
  133 000000D8 E7C5            B                kb_m0404_00_continue
  134 000000DA         kb_m0404_00_analyze_7D
  135 000000DA F04F 0003       MOV              R0, #3
  136 000000DE E7C2            B                kb_m0404_00_continue
  137 000000E0         kb_m0404_00_analyze_7E
  138 000000E0 F04F 000A       MOV              R0, #10
  139 000000E4 E7BF            B                kb_m0404_00_continue
  140 000000E6         kb_m0404_00_analyze_B7
  141 000000E6 F04F 0004       MOV              R0, #4
  142 000000EA E7BC            B                kb_m0404_00_continue
  143 000000EC         kb_m0404_00_analyze_BB
  144 000000EC F04F 0005       MOV              R0, #5
  145 000000F0 E7B9            B                kb_m0404_00_continue
  146 000000F2         kb_m0404_00_analyze_BD
  147 000000F2 F04F 0006       MOV              R0, #6
  148 000000F6 E7B6            B                kb_m0404_00_continue
  149 000000F8         kb_m0404_00_analyze_BE
  150 000000F8 F04F 000B       MOV              R0, #11
  151 000000FC E7B3            B                kb_m0404_00_continue
  152 000000FE         kb_m0404_00_analyze_D7
  153 000000FE F04F 0007       MOV              R0, #7
  154 00000102 E7B0            B                kb_m0404_00_continue
  155 00000104         kb_m0404_00_analyze_DB
  156 00000104 F04F 0008       MOV              R0, #8
  157 00000108 E7AD            B                kb_m0404_00_continue
  158 0000010A         kb_m0404_00_analyze_DD
  159 0000010A F04F 0009       MOV              R0, #9
  160 0000010E E7AA            B                kb_m0404_00_continue
  161 00000110         kb_m0404_00_analyze_DE



ARM Macro Assembler    Page 4 


  162 00000110 F04F 000C       MOV              R0, #12
  163 00000114 E7A7            B                kb_m0404_00_continue
  164 00000116         kb_m0404_00_analyze_E7
  165 00000116 F04F 000E       MOV              R0, #14
  166 0000011A E7A4            B                kb_m0404_00_continue
  167 0000011C         kb_m0404_00_analyze_EB
  168 0000011C F04F 0000       MOV              R0, #0
  169 00000120 E7A1            B                kb_m0404_00_continue
  170 00000122         kb_m0404_00_analyze_ED
  171 00000122 F04F 000F       MOV              R0, #15
  172 00000126 E79E            B                kb_m0404_00_continue
  173 00000128         kb_m0404_00_analyze_EE
  174 00000128 F04F 000D       MOV              R0, #13
  175 0000012C E79B            B                kb_m0404_00_continue
  176 0000012E         
  177 0000012E         
  178 0000012E         
  179 0000012E         ;=======================================================
                       =======================
  180 0000012E         ; Fim do Arquivo
  181 0000012E         ;=======================================================
                       =======================
  182 0000012E 00 00           ALIGN                        ;Garante que o fim 
                                                            da seção está alinh
                                                            ada 
  183 00000130                 END                          ;Fim do arquivo
              00000000 
Command Line: --debug --xref --diag_suppress=9931 --cpu=Cortex-M4.fp --apcs=int
erwork --depend=.\objects\keyboard4x4.d -o.\objects\keyboard4x4.o -I.\RTE\_Targ
et_1 -IC:\Keil_v5\ARM\PACK\Keil\TM4C_DFP\1.1.0\Device\Include\TM4C129 -IC:\Keil
_v5\ARM\CMSIS\Include --predefine="__EVAL SETA 1" --predefine="__UVISION_VERSIO
N SETA 525" --predefine="TM4C1294NCPDT SETA 1" --list=.\listings\keyboard4x4.ls
t keyboard4x4.s



ARM Macro Assembler    Page 1 Alphabetic symbol ordering
Relocatable symbols

DATA 00000000

Symbol: DATA
   Definitions
      At line 17 in file keyboard4x4.s
   Uses
      None
Comment: DATA unused
keyboard_0404_map 00000000

Symbol: keyboard_0404_map
   Definitions
      At line 18 in file keyboard4x4.s
   Uses
      At line 40 in file keyboard4x4.s
      At line 54 in file keyboard4x4.s

2 symbols



ARM Macro Assembler    Page 1 Alphabetic symbol ordering
Relocatable symbols

.text 00000000

Symbol: .text
   Definitions
      At line 23 in file keyboard4x4.s
   Uses
      None
Comment: .text unused
init_kb_m0404_00 00000000

Symbol: init_kb_m0404_00
   Definitions
      At line 38 in file keyboard4x4.s
   Uses
      At line 24 in file keyboard4x4.s
Comment: init_kb_m0404_00 used once
kb_m0404_00 00000028

Symbol: kb_m0404_00
   Definitions
      At line 52 in file keyboard4x4.s
   Uses
      At line 25 in file keyboard4x4.s
Comment: kb_m0404_00 used once
kb_m0404_00_analyze 0000006C

Symbol: kb_m0404_00_analyze
   Definitions
      At line 78 in file keyboard4x4.s
   Uses
      At line 69 in file keyboard4x4.s
Comment: kb_m0404_00_analyze used once
kb_m0404_00_analyze_7 00000086

Symbol: kb_m0404_00_analyze_7
   Definitions
      At line 88 in file keyboard4x4.s
   Uses
      At line 80 in file keyboard4x4.s
Comment: kb_m0404_00_analyze_7 used once
kb_m0404_00_analyze_77 000000CE

Symbol: kb_m0404_00_analyze_77
   Definitions
      At line 128 in file keyboard4x4.s
   Uses
      At line 90 in file keyboard4x4.s
Comment: kb_m0404_00_analyze_77 used once
kb_m0404_00_analyze_7B 000000D4

Symbol: kb_m0404_00_analyze_7B
   Definitions
      At line 131 in file keyboard4x4.s
   Uses
      At line 92 in file keyboard4x4.s
Comment: kb_m0404_00_analyze_7B used once
kb_m0404_00_analyze_7D 000000DA

Symbol: kb_m0404_00_analyze_7D



ARM Macro Assembler    Page 2 Alphabetic symbol ordering
Relocatable symbols

   Definitions
      At line 134 in file keyboard4x4.s
   Uses
      At line 94 in file keyboard4x4.s
Comment: kb_m0404_00_analyze_7D used once
kb_m0404_00_analyze_7E 000000E0

Symbol: kb_m0404_00_analyze_7E
   Definitions
      At line 137 in file keyboard4x4.s
   Uses
      At line 96 in file keyboard4x4.s
Comment: kb_m0404_00_analyze_7E used once
kb_m0404_00_analyze_B 00000098

Symbol: kb_m0404_00_analyze_B
   Definitions
      At line 98 in file keyboard4x4.s
   Uses
      At line 82 in file keyboard4x4.s
Comment: kb_m0404_00_analyze_B used once
kb_m0404_00_analyze_B7 000000E6

Symbol: kb_m0404_00_analyze_B7
   Definitions
      At line 140 in file keyboard4x4.s
   Uses
      At line 100 in file keyboard4x4.s
Comment: kb_m0404_00_analyze_B7 used once
kb_m0404_00_analyze_BB 000000EC

Symbol: kb_m0404_00_analyze_BB
   Definitions
      At line 143 in file keyboard4x4.s
   Uses
      At line 102 in file keyboard4x4.s
Comment: kb_m0404_00_analyze_BB used once
kb_m0404_00_analyze_BD 000000F2

Symbol: kb_m0404_00_analyze_BD
   Definitions
      At line 146 in file keyboard4x4.s
   Uses
      At line 104 in file keyboard4x4.s
Comment: kb_m0404_00_analyze_BD used once
kb_m0404_00_analyze_BE 000000F8

Symbol: kb_m0404_00_analyze_BE
   Definitions
      At line 149 in file keyboard4x4.s
   Uses
      At line 106 in file keyboard4x4.s
Comment: kb_m0404_00_analyze_BE used once
kb_m0404_00_analyze_D 000000AA

Symbol: kb_m0404_00_analyze_D
   Definitions
      At line 108 in file keyboard4x4.s
   Uses



ARM Macro Assembler    Page 3 Alphabetic symbol ordering
Relocatable symbols

      At line 84 in file keyboard4x4.s
Comment: kb_m0404_00_analyze_D used once
kb_m0404_00_analyze_D7 000000FE

Symbol: kb_m0404_00_analyze_D7
   Definitions
      At line 152 in file keyboard4x4.s
   Uses
      At line 110 in file keyboard4x4.s
Comment: kb_m0404_00_analyze_D7 used once
kb_m0404_00_analyze_DB 00000104

Symbol: kb_m0404_00_analyze_DB
   Definitions
      At line 155 in file keyboard4x4.s
   Uses
      At line 112 in file keyboard4x4.s
Comment: kb_m0404_00_analyze_DB used once
kb_m0404_00_analyze_DD 0000010A

Symbol: kb_m0404_00_analyze_DD
   Definitions
      At line 158 in file keyboard4x4.s
   Uses
      At line 114 in file keyboard4x4.s
Comment: kb_m0404_00_analyze_DD used once
kb_m0404_00_analyze_DE 00000110

Symbol: kb_m0404_00_analyze_DE
   Definitions
      At line 161 in file keyboard4x4.s
   Uses
      At line 116 in file keyboard4x4.s
Comment: kb_m0404_00_analyze_DE used once
kb_m0404_00_analyze_E 000000BC

Symbol: kb_m0404_00_analyze_E
   Definitions
      At line 118 in file keyboard4x4.s
   Uses
      At line 86 in file keyboard4x4.s
Comment: kb_m0404_00_analyze_E used once
kb_m0404_00_analyze_E7 00000116

Symbol: kb_m0404_00_analyze_E7
   Definitions
      At line 164 in file keyboard4x4.s
   Uses
      At line 120 in file keyboard4x4.s
Comment: kb_m0404_00_analyze_E7 used once
kb_m0404_00_analyze_EB 0000011C

Symbol: kb_m0404_00_analyze_EB
   Definitions
      At line 167 in file keyboard4x4.s
   Uses
      At line 122 in file keyboard4x4.s
Comment: kb_m0404_00_analyze_EB used once
kb_m0404_00_analyze_ED 00000122



ARM Macro Assembler    Page 4 Alphabetic symbol ordering
Relocatable symbols


Symbol: kb_m0404_00_analyze_ED
   Definitions
      At line 170 in file keyboard4x4.s
   Uses
      At line 124 in file keyboard4x4.s
Comment: kb_m0404_00_analyze_ED used once
kb_m0404_00_analyze_EE 00000128

Symbol: kb_m0404_00_analyze_EE
   Definitions
      At line 173 in file keyboard4x4.s
   Uses
      At line 126 in file keyboard4x4.s
Comment: kb_m0404_00_analyze_EE used once
kb_m0404_00_continue 00000066

Symbol: kb_m0404_00_continue
   Definitions
      At line 74 in file keyboard4x4.s
   Uses
      At line 87 in file keyboard4x4.s
      At line 97 in file keyboard4x4.s
      At line 107 in file keyboard4x4.s
      At line 117 in file keyboard4x4.s
      At line 127 in file keyboard4x4.s
      At line 130 in file keyboard4x4.s
      At line 133 in file keyboard4x4.s
      At line 136 in file keyboard4x4.s
      At line 139 in file keyboard4x4.s
      At line 142 in file keyboard4x4.s
      At line 145 in file keyboard4x4.s
      At line 148 in file keyboard4x4.s
      At line 151 in file keyboard4x4.s
      At line 154 in file keyboard4x4.s
      At line 157 in file keyboard4x4.s
      At line 160 in file keyboard4x4.s
      At line 163 in file keyboard4x4.s
      At line 166 in file keyboard4x4.s
      At line 169 in file keyboard4x4.s
      At line 172 in file keyboard4x4.s
      At line 175 in file keyboard4x4.s

kb_m0404_00_jump 0000005E

Symbol: kb_m0404_00_jump
   Definitions
      At line 70 in file keyboard4x4.s
   Uses
      At line 67 in file keyboard4x4.s
Comment: kb_m0404_00_jump used once
kb_m0404_00_loop 00000032

Symbol: kb_m0404_00_loop
   Definitions
      At line 56 in file keyboard4x4.s
   Uses
      At line 73 in file keyboard4x4.s
Comment: kb_m0404_00_loop used once



ARM Macro Assembler    Page 5 Alphabetic symbol ordering
Relocatable symbols

27 symbols



ARM Macro Assembler    Page 1 Alphabetic symbol ordering
External symbols

PortC_Input 00000000

Symbol: PortC_Input
   Definitions
      At line 27 in file keyboard4x4.s
   Uses
      At line 59 in file keyboard4x4.s
      At line 63 in file keyboard4x4.s

PortK_Output 00000000

Symbol: PortK_Output
   Definitions
      At line 28 in file keyboard4x4.s
   Uses
      None
Comment: PortK_Output unused
PortL_Output 00000000

Symbol: PortL_Output
   Definitions
      At line 29 in file keyboard4x4.s
   Uses
      At line 58 in file keyboard4x4.s
Comment: PortL_Output used once
PortM_Output 00000000

Symbol: PortM_Output
   Definitions
      At line 30 in file keyboard4x4.s
   Uses
      None
Comment: PortM_Output unused
SysTick_Wait1ms 00000000

Symbol: SysTick_Wait1ms
   Definitions
      At line 26 in file keyboard4x4.s
   Uses
      At line 62 in file keyboard4x4.s
Comment: SysTick_Wait1ms used once
5 symbols
370 symbols in table
